This is pdfTeX, Version 3.14159265-2.6-1.40.19 (TeX Live 2018/W32TeX) (preloaded format=pdflatex 2018.10.1)  17 OCT 2019 13:41
entering extended mode
 restricted \write18 enabled.
 %&-line parsing enabled.
**Fourierreihe.tex
(./Fourierreihe.tex
LaTeX2e <2018-04-01> patch level 5
! Undefined control sequence.
l.1 \section
            {Fourierreihe}
The control sequence at the end of the top line
of your error message was never \def'ed. If you have
misspelled it (e.g., `\hobx'), type `I' and the correct
spelling (e.g., `I\hbox'). Otherwise just continue,
and I'll forget about whatever was undefined.


! LaTeX Error: Missing \begin{document}.

See the LaTeX manual or LaTeX Companion for explanation.
Type  H <return>  for immediate help.
 ...                                              
                                                  
l.1 \section{F
              ourierreihe}
You're in trouble here.  Try typing  <return>  to proceed.
If that doesn't work, type  X <return>  to quit.

Missing character: There is no F in font nullfont!
Missing character: There is no o in font nullfont!
Missing character: There is no u in font nullfont!
Missing character: There is no r in font nullfont!
Missing character: There is no i in font nullfont!
Missing character: There is no e in font nullfont!
Missing character: There is no r in font nullfont!
Missing character: There is no r in font nullfont!
Missing character: There is no e in font nullfont!
Missing character: There is no i in font nullfont!
Missing character: There is no h in font nullfont!
Missing character: There is no e in font nullfont!

Overfull \hbox (20.0pt too wide) in paragraph at lines 1--2
[] 
 []

LaTeX Font Info:    External font `cmex10' loaded for size
(Font)              <7> on input line 2.
LaTeX Font Info:    External font `cmex10' loaded for size
(Font)              <5> on input line 2.
! Undefined control sequence.
l.2   	$$\boxed
               {f(t) = \sum\limits_{k = -\infty}^{\infty} c_k \cdot e^{j k \...
The control sequence at the end of the top line
of your error message was never \def'ed. If you have
misspelled it (e.g., `\hobx'), type `I' and the correct
spelling (e.g., `I\hbox'). Otherwise just continue,
and I'll forget about whatever was undefined.

! Undefined control sequence.
l.3   	t}}= \boxed
                  {\sum\limits_{k = 0}^{\infty} \left(c_k \cdot e^{j k \omega_1
The control sequence at the end of the top line
of your error message was never \def'ed. If you have
misspelled it (e.g., `\hobx'), type `I' and the correct
spelling (e.g., `I\hbox'). Otherwise just continue,
and I'll forget about whatever was undefined.


Overfull \hbox (239.49014pt too wide) detected at line 4
[] \OT1/cmr/m/n/10 = []
 []

! Undefined control sequence.
l.5   	$$\boxed
               {f(t) = \frac{a_0}{2} + \sum\limits_{k=1}^{\infty} \left[a_k ...
The control sequence at the end of the top line
of your error message was never \def'ed. If you have
misspelled it (e.g., `\hobx'), type `I' and the correct
spelling (e.g., `I\hbox'). Otherwise just continue,
and I'll forget about whatever was undefined.

! Undefined control sequence.
l.6 ... t) + b_k \sin(k \omega_1 t)\right]}=\boxed
                                                  {\frac{A_0}{2} +
The control sequence at the end of the top line
of your error message was never \def'ed. If you have
misspelled it (e.g., `\hobx'), type `I' and the correct
spelling (e.g., `I\hbox'). Otherwise just continue,
and I'll forget about whatever was undefined.

! Undefined control sequence.
l.8   	\mathbb
              {Z}, \quad \boxed{\omega_1=\frac{2 \pi}{T}=2 \pi f}$$	
The control sequence at the end of the top line
of your error message was never \def'ed. If you have
misspelled it (e.g., `\hobx'), type `I' and the correct
spelling (e.g., `I\hbox'). Otherwise just continue,
and I'll forget about whatever was undefined.

! Undefined control sequence.
l.8   	\mathbb{Z}, \quad \boxed
                               {\omega_1=\frac{2 \pi}{T}=2 \pi f}$$	
The control sequence at the end of the top line
of your error message was never \def'ed. If you have
misspelled it (e.g., `\hobx'), type `I' and the correct
spelling (e.g., `I\hbox'). Otherwise just continue,
and I'll forget about whatever was undefined.


Overfull \hbox (424.71118pt too wide) detected at line 8
[] \OT1/cmr/m/n/10 = [] \OML/cmm/m/it/10 k \OMS/cmsy/m/n/10 2 \OML/cmm/m/it/10 
Z;  []
 []

! Undefined control sequence.
l.9 	$$\boxed
             {c_k=\overline{c_{-k}}=\frac{1}{T}\int_0^T{f(t)\cdot
The control sequence at the end of the top line
of your error message was never \def'ed. If you have
misspelled it (e.g., `\hobx'), type `I' and the correct
spelling (e.g., `I\hbox'). Otherwise just continue,
and I'll forget about whatever was undefined.

! Undefined control sequence.
l.11 ...\; ; \; c_0 = \frac{a_0}{2}} \qquad \boxed
                                                  {a_0 = \frac{2}{T}\int\lim...
The control sequence at the end of the top line
of your error message was never \def'ed. If you have
misspelled it (e.g., `\hobx'), type `I' and the correct
spelling (e.g., `I\hbox'). Otherwise just continue,
and I'll forget about whatever was undefined.


Overfull \hbox (499.64534pt too wide) detected at line 13
[] []
 []

Missing character: There is no , in font nullfont!
Missing character: There is no , in font nullfont!
Missing character: There is no s in font nullfont!
Missing character: There is no i in font nullfont!
Missing character: There is no n in font nullfont!
Missing character: There is no d in font nullfont!
Missing character: There is no , in font nullfont!
Missing character: There is no i in font nullfont!
Missing character: There is no s in font nullfont!
Missing character: There is no t in font nullfont!
Missing character: There is no d in font nullfont!
Missing character: There is no i in font nullfont!
Missing character: There is no e in font nullfont!
Missing character: There is no , in font nullfont!
Missing character: There is no u in font nullfont!
Missing character: There is no n in font nullfont!
Missing character: There is no d in font nullfont!
Missing character: There is no s in font nullfont!
Missing character: There is no i in font nullfont!
Missing character: There is no n in font nullfont!
Missing character: There is no d in font nullfont!
Missing character: There is no d in font nullfont!
Missing character: There is no i in font nullfont!
Missing character: There is no e in font nullfont!
Missing character: There is no , in font nullfont!
Missing character: There is no i in font nullfont!
Missing character: There is no s in font nullfont!
Missing character: There is no t in font nullfont!
Missing character: There is no d in font nullfont!
Missing character: There is no e in font nullfont!
Missing character: There is no r in font nullfont!
Missing character: There is no , in font nullfont!
Missing character: There is no i in font nullfont!
Missing character: There is no s in font nullfont!
Missing character: There is no t in font nullfont!
Missing character: There is no d in font nullfont!
Missing character: There is no i in font nullfont!
Missing character: There is no e in font nullfont!
Missing character: There is no u in font nullfont!
Missing character: There is no n in font nullfont!
Missing character: There is no d in font nullfont!
Missing character: There is no i in font nullfont!
Missing character: There is no s in font nullfont!
Missing character: There is no t in font nullfont!
Missing character: There is no d in font nullfont!
Missing character: There is no i in font nullfont!
Missing character: There is no e in font nullfont!
Missing character: There is no . in font nullfont!
! Undefined control sequence.
<argument> ...}} $a_k = c_k + \bar {c_k} = 2\Real 
                                                  (c_k) = A_k \cos (\varphi ...
l.25 	\end{tabular}}
                    \\
The control sequence at the end of the top line
of your error message was never \def'ed. If you have
misspelled it (e.g., `\hobx'), type `I' and the correct
spelling (e.g., `I\hbox'). Otherwise just continue,
and I'll forget about whatever was undefined.

! Undefined control sequence.
<argument> ...b_k = j(c_k + \bar {c_k}) = -2\Imag 
                                                  (c_k) = -A_k \sin (\varphi...
l.25 	\end{tabular}}
                    \\
The control sequence at the end of the top line
of your error message was never \def'ed. If you have
misspelled it (e.g., `\hobx'), type `I' and the correct
spelling (e.g., `I\hbox'). Otherwise just continue,
and I'll forget about whatever was undefined.

Missing character: There is no o in font nullfont!
Missing character: There is no d in font nullfont!
Missing character: There is no e in font nullfont!
Missing character: There is no r in font nullfont!
Missing character: There is no u in font nullfont!
Missing character: There is no n in font nullfont!
Missing character: There is no t in font nullfont!
Missing character: There is no e in font nullfont!
Missing character: There is no n in font nullfont!

Overfull \hbox (9.77202pt too wide) in paragraph at lines 13--26
$\OML/cmm/m/it/10 a[]$
 []


Overfull \hbox (8.81369pt too wide) in paragraph at lines 13--26
\OML/cmm/m/it/10 c[]$
 []


Overfull \hbox (11.98615pt too wide) in paragraph at lines 13--26
\OML/cmm/m/it/10 A[]$
 []


Overfull \hbox (21.99986pt too wide) in paragraph at lines 13--26
\OT1/cmr/m/it/10 Kon-
 []


Overfull \hbox (21.72208pt too wide) in paragraph at lines 13--26
\OT1/cmr/m/it/10 stan-
 []


Overfull \hbox (13.54434pt too wide) in paragraph at lines 13--26
\OT1/cmr/m/it/10 ten
 []


Overfull \hbox (10.71066pt too wide) in paragraph at lines 13--26
\OML/cmm/m/it/10 ![]$
 []


Overfull \hbox (31.63036pt too wide) in paragraph at lines 13--26
\OT1/cmr/m/it/10 Grund-
 []


Overfull \hbox (16.48317pt too wide) in paragraph at lines 13--26
\OT1/cmr/m/it/10 kre-
 []


Overfull \hbox (10.73326pt too wide) in paragraph at lines 13--26
\OT1/cmr/m/it/10 is-
 []


Overfull \hbox (14.94986pt too wide) in paragraph at lines 13--26
\OT1/cmr/m/it/10 fre-
 []


Overfull \hbox (24.27762pt too wide) in paragraph at lines 13--26
\OT1/cmr/m/it/10 quenz
 []


Overfull \hbox (10.20605pt too wide) in paragraph at lines 13--26
\OML/cmm/m/it/10 a[]$
 []


Overfull \hbox (9.21182pt too wide) in paragraph at lines 13--26
\OML/cmm/m/it/10 b[]$
 []


Overfull \hbox (28.23865pt too wide) in paragraph at lines 13--26
\OT1/cmr/m/it/10 reellen
 []


Overfull \hbox (16.37767pt too wide) in paragraph at lines 13--26
\OT1/cmr/m/it/10 Ko-
 []


Overfull \hbox (11.24435pt too wide) in paragraph at lines 13--26
\OT1/cmr/m/it/10 ef-
 []


Overfull \hbox (26.5776pt too wide) in paragraph at lines 13--26
\OT1/cmr/m/it/10 fizien-
 []


Overfull \hbox (13.54434pt too wide) in paragraph at lines 13--26
\OT1/cmr/m/it/10 ten
 []


Overfull \hbox (9.24773pt too wide) in paragraph at lines 13--26
\OML/cmm/m/it/10 c[]$
 []


Overfull \hbox (21.46652pt too wide) in paragraph at lines 13--26
\OT1/cmr/m/it/10 kom-
 []


Overfull \hbox (21.50542pt too wide) in paragraph at lines 13--26
\OT1/cmr/m/it/10 plexe
 []


Overfull \hbox (16.37767pt too wide) in paragraph at lines 13--26
\OT1/cmr/m/it/10 Ko-
 []


Overfull \hbox (11.24435pt too wide) in paragraph at lines 13--26
\OT1/cmr/m/it/10 ef-
 []


Overfull \hbox (26.32205pt too wide) in paragraph at lines 13--26
\OT1/cmr/m/it/10 fizient
 []


Overfull \hbox (12.42018pt too wide) in paragraph at lines 13--26
\OML/cmm/m/it/10 A[]$
 []


Overfull \hbox (18.9332pt too wide) in paragraph at lines 13--26
\OT1/cmr/m/it/10 Am-
 []


Overfull \hbox (14.31102pt too wide) in paragraph at lines 13--26
\OT1/cmr/m/it/10 pli-
 []


Overfull \hbox (18.39987pt too wide) in paragraph at lines 13--26
\OT1/cmr/m/it/10 tude
 []


Overfull \hbox (11.46184pt too wide) in paragraph at lines 13--26
\OML/cmm/m/it/10 '[]$
 []


Overfull \hbox (25.69429pt too wide) in paragraph at lines 13--26
\OT1/cmr/m/it/10 Phase 
 []


Overfull \hbox (518.94958pt too wide) in paragraph at lines 13--26
[] 
 []


! LaTeX Error: Missing \begin{document}.

See the LaTeX manual or LaTeX Companion for explanation.
Type  H <return>  for immediate help.
 ...                                              
                                                  
l.27 ...hnung von $\varphi_k$ aus $a_k$ und $b_k$}
                                                  \\
You're in trouble here.  Try typing  <return>  to proceed.
If that doesn't work, type  X <return>  to quit.

! Undefined control sequence.
l.33 ... = 0 \wedge b_k = 0:$ &	$\varphi_k = \text
                                                  {nicht definiert}$
The control sequence at the end of the top line
of your error message was never \def'ed. If you have
misspelled it (e.g., `\hobx'), type `I' and the correct
spelling (e.g., `I\hbox'). Otherwise just continue,
and I'll forget about whatever was undefined.


Overfull \hbox (79.23582pt too wide) in paragraph at lines 27--35
[]\OT1/cmr/bx/n/10 Berechnung
 []


Overfull \hbox (17.8888pt too wide) in paragraph at lines 27--35
\OT1/cmr/bx/n/10 von
 []


Overfull \hbox (11.46184pt too wide) in paragraph at lines 27--35
\OML/cmm/m/it/10 '[]$
 []


Overfull \hbox (16.51515pt too wide) in paragraph at lines 27--35
\OT1/cmr/bx/n/10 aus
 []


Overfull \hbox (10.20605pt too wide) in paragraph at lines 27--35
\OML/cmm/m/it/10 a[]$
 []


Overfull \hbox (19.16656pt too wide) in paragraph at lines 27--35
\OT1/cmr/bx/n/10 und
 []


Overfull \hbox (9.21182pt too wide) in paragraph at lines 27--35
\OML/cmm/m/it/10 b[]$ 
 []


Overfull \hbox (412.56494pt too wide) in paragraph at lines 27--35
[] 
 []

! Undefined control sequence.
l.36 	\subsection
                 {Symmetrie}
The control sequence at the end of the top line
of your error message was never \def'ed. If you have
misspelled it (e.g., `\hobx'), type `I' and the correct
spelling (e.g., `I\hbox'). Otherwise just continue,
and I'll forget about whatever was undefined.


! LaTeX Error: Missing \begin{document}.

See the LaTeX manual or LaTeX Companion for explanation.
Type  H <return>  for immediate help.
 ...                                              
                                                  
l.36 	\subsection{S
                   ymmetrie}
You're in trouble here.  Try typing  <return>  to proceed.
If that doesn't work, type  X <return>  to quit.

Missing character: There is no S in font nullfont!
Missing character: There is no y in font nullfont!
Missing character: There is no m in font nullfont!
Missing character: There is no m in font nullfont!
Missing character: There is no e in font nullfont!
Missing character: There is no t in font nullfont!
Missing character: There is no r in font nullfont!
Missing character: There is no i in font nullfont!
Missing character: There is no e in font nullfont!
! Undefined control sequence.
<recently read> \includegraphics 
                                 
l.42         	\includegraphics
                              [width=3cm,trim=0 0 0 -5]{./bilder/gerade_funk...
The control sequence at the end of the top line
of your error message was never \def'ed. If you have
misspelled it (e.g., `\hobx'), type `I' and the correct
spelling (e.g., `I\hbox'). Otherwise just continue,
and I'll forget about whatever was undefined.

Missing character: There is no [ in font nullfont!
Missing character: There is no w in font nullfont!
Missing character: There is no i in font nullfont!
Missing character: There is no d in font nullfont!
Missing character: There is no t in font nullfont!
Missing character: There is no h in font nullfont!
Missing character: There is no = in font nullfont!
Missing character: There is no 3 in font nullfont!
Missing character: There is no c in font nullfont!
Missing character: There is no m in font nullfont!
Missing character: There is no , in font nullfont!
Missing character: There is no t in font nullfont!
Missing character: There is no r in font nullfont!
Missing character: There is no i in font nullfont!
Missing character: There is no m in font nullfont!
Missing character: There is no = in font nullfont!
Missing character: There is no 0 in font nullfont!
Missing character: There is no 0 in font nullfont!
Missing character: There is no 0 in font nullfont!
Missing character: There is no - in font nullfont!
Missing character: There is no 5 in font nullfont!
Missing character: There is no ] in font nullfont!
Missing character: There is no . in font nullfont!
Missing character: There is no / in font nullfont!
Missing character: There is no b in font nullfont!
Missing character: There is no i in font nullfont!
Missing character: There is no l in font nullfont!
Missing character: There is no d in font nullfont!
Missing character: There is no e in font nullfont!
Missing character: There is no r in font nullfont!
Missing character: There is no / in font nullfont!
Missing character: There is no g in font nullfont!
Missing character: There is no e in font nullfont!
Missing character: There is no r in font nullfont!
Missing character: There is no a in font nullfont!
Missing character: There is no d in font nullfont!
Missing character: There is no e in font nullfont!
! Missing $ inserted.
<inserted text> 
                $
l.42 ...[width=3cm,trim=0 0 0 -5]{./bilder/gerade_
                                                  funktion.png}&
I've inserted a begin-math/end-math symbol since I think
you left one out. Proceed, with fingers crossed.

! Extra }, or forgotten $.
l.42 ...im=0 0 0 -5]{./bilder/gerade_funktion.png}
                                                  &
I've deleted a group-closing symbol because it seems to be
spurious, as in `$x}$'. But perhaps the } is legitimate and
you forgot something else, as in `\hbox{$x}'. In such cases
the way to recover is to insert both the forgotten and the
deleted material, e.g., by typing `I$}'.

! Missing } inserted.
<inserted text> 
                }
l.42 ...m=0 0 0 -5]{./bilder/gerade_funktion.png}&
                                                  
I've put in what seems to be necessary to fix
the current column of the current alignment.
Try to go on, since this might almost work.

! Extra }, or forgotten $.
<inserted text> }
                 
l.42 ...m=0 0 0 -5]{./bilder/gerade_funktion.png}&
                                                  
I've deleted a group-closing symbol because it seems to be
spurious, as in `$x}$'. But perhaps the } is legitimate and
you forgot something else, as in `\hbox{$x}'. In such cases
the way to recover is to insert both the forgotten and the
deleted material, e.g., by typing `I$}'.

! Missing } inserted.
<inserted text> 
                }
l.42 ...m=0 0 0 -5]{./bilder/gerade_funktion.png}&
                                                  
I've put in what seems to be necessary to fix
the current column of the current alignment.
Try to go on, since this might almost work.

! Extra }, or forgotten $.
<inserted text> }
                 
l.42 ...m=0 0 0 -5]{./bilder/gerade_funktion.png}&
                                                  
I've deleted a group-closing symbol because it seems to be
spurious, as in `$x}$'. But perhaps the } is legitimate and
you forgot something else, as in `\hbox{$x}'. In such cases
the way to recover is to insert both the forgotten and the
deleted material, e.g., by typing `I$}'.

! Missing } inserted.
<inserted text> 
                }
l.42 ...m=0 0 0 -5]{./bilder/gerade_funktion.png}&
                                                  
I've put in what seems to be necessary to fix
the current column of the current alignment.
Try to go on, since this might almost work.

! Extra }, or forgotten $.
<inserted text> }
                 
l.42 ...m=0 0 0 -5]{./bilder/gerade_funktion.png}&
                                                  
I've deleted a group-closing symbol because it seems to be
spurious, as in `$x}$'. But perhaps the } is legitimate and
you forgot something else, as in `\hbox{$x}'. In such cases
the way to recover is to insert both the forgotten and the
deleted material, e.g., by typing `I$}'.

! Missing } inserted.
<inserted text> 
                }
l.42 ...m=0 0 0 -5]{./bilder/gerade_funktion.png}&
                                                  
I've put in what seems to be necessary to fix
the current column of the current alignment.
Try to go on, since this might almost work.

! Extra }, or forgotten $.
<inserted text> }
                 
l.42 ...m=0 0 0 -5]{./bilder/gerade_funktion.png}&
                                                  
I've deleted a group-closing symbol because it seems to be
spurious, as in `$x}$'. But perhaps the } is legitimate and
you forgot something else, as in `\hbox{$x}'. In such cases
the way to recover is to insert both the forgotten and the
deleted material, e.g., by typing `I$}'.

! Missing } inserted.
<inserted text> 
                }
l.42 ...m=0 0 0 -5]{./bilder/gerade_funktion.png}&
                                                  
I've put in what seems to be necessary to fix
the current column of the current alignment.
Try to go on, since this might almost work.

! Extra }, or forgotten $.
<inserted text> }
                 
l.42 ...m=0 0 0 -5]{./bilder/gerade_funktion.png}&
                                                  
I've deleted a group-closing symbol because it seems to be
spurious, as in `$x}$'. But perhaps the } is legitimate and
you forgot something else, as in `\hbox{$x}'. In such cases
the way to recover is to insert both the forgotten and the
deleted material, e.g., by typing `I$}'.

! Missing } inserted.
<inserted text> 
                }
l.42 ...m=0 0 0 -5]{./bilder/gerade_funktion.png}&
                                                  
I've put in what seems to be necessary to fix
the current column of the current alignment.
Try to go on, since this might almost work.

! Extra }, or forgotten $.
<inserted text> }
                 
l.42 ...m=0 0 0 -5]{./bilder/gerade_funktion.png}&
                                                  
I've deleted a group-closing symbol because it seems to be
spurious, as in `$x}$'. But perhaps the } is legitimate and
you forgot something else, as in `\hbox{$x}'. In such cases
the way to recover is to insert both the forgotten and the
deleted material, e.g., by typing `I$}'.

! Missing } inserted.
<inserted text> 
                }
l.42 ...m=0 0 0 -5]{./bilder/gerade_funktion.png}&
                                                  
I've put in what seems to be necessary to fix
the current column of the current alignment.
Try to go on, since this might almost work.

! Extra }, or forgotten $.
<inserted text> }
                 
l.42 ...m=0 0 0 -5]{./bilder/gerade_funktion.png}&
                                                  
I've deleted a group-closing symbol because it seems to be
spurious, as in `$x}$'. But perhaps the } is legitimate and
you forgot something else, as in `\hbox{$x}'. In such cases
the way to recover is to insert both the forgotten and the
deleted material, e.g., by typing `I$}'.

! Missing } inserted.
<inserted text> 
                }
l.42 ...m=0 0 0 -5]{./bilder/gerade_funktion.png}&
                                                  
I've put in what seems to be necessary to fix
the current column of the current alignment.
Try to go on, since this might almost work.

! Extra }, or forgotten $.
<inserted text> }
                 
l.42 ...m=0 0 0 -5]{./bilder/gerade_funktion.png}&
                                                  
I've deleted a group-closing symbol because it seems to be
spurious, as in `$x}$'. But perhaps the } is legitimate and
you forgot something else, as in `\hbox{$x}'. In such cases
the way to recover is to insert both the forgotten and the
deleted material, e.g., by typing `I$}'.

! Missing } inserted.
<inserted text> 
                }
l.42 ...m=0 0 0 -5]{./bilder/gerade_funktion.png}&
                                                  
I've put in what seems to be necessary to fix
the current column of the current alignment.
Try to go on, since this might almost work.

! Extra }, or forgotten $.
<inserted text> }
                 
l.42 ...m=0 0 0 -5]{./bilder/gerade_funktion.png}&
                                                  
I've deleted a group-closing symbol because it seems to be
spurious, as in `$x}$'. But perhaps the } is legitimate and
you forgot something else, as in `\hbox{$x}'. In such cases
the way to recover is to insert both the forgotten and the
deleted material, e.g., by typing `I$}'.

! Missing } inserted.
<inserted text> 
                }
l.42 ...m=0 0 0 -5]{./bilder/gerade_funktion.png}&
                                                  
I've put in what seems to be necessary to fix
the current column of the current alignment.
Try to go on, since this might almost work.

! Extra }, or forgotten $.
<inserted text> }
                 
l.42 ...m=0 0 0 -5]{./bilder/gerade_funktion.png}&
                                                  
I've deleted a group-closing symbol because it seems to be
spurious, as in `$x}$'. But perhaps the } is legitimate and
you forgot something else, as in `\hbox{$x}'. In such cases
the way to recover is to insert both the forgotten and the
deleted material, e.g., by typing `I$}'.

! Missing } inserted.
<inserted text> 
                }
l.42 ...m=0 0 0 -5]{./bilder/gerade_funktion.png}&
                                                  
I've put in what seems to be necessary to fix
the current column of the current alignment.
Try to go on, since this might almost work.

! Extra }, or forgotten $.
<inserted text> }
                 
l.42 ...m=0 0 0 -5]{./bilder/gerade_funktion.png}&
                                                  
I've deleted a group-closing symbol because it seems to be
spurious, as in `$x}$'. But perhaps the } is legitimate and
you forgot something else, as in `\hbox{$x}'. In such cases
the way to recover is to insert both the forgotten and the
deleted material, e.g., by typing `I$}'.

! Missing } inserted.
<inserted text> 
                }
l.42 ...m=0 0 0 -5]{./bilder/gerade_funktion.png}&
                                                  
I've put in what seems to be necessary to fix
the current column of the current alignment.
Try to go on, since this might almost work.

! Extra }, or forgotten $.
<inserted text> }
                 
l.42 ...m=0 0 0 -5]{./bilder/gerade_funktion.png}&
                                                  
I've deleted a group-closing symbol because it seems to be
spurious, as in `$x}$'. But perhaps the } is legitimate and
you forgot something else, as in `\hbox{$x}'. In such cases
the way to recover is to insert both the forgotten and the
deleted material, e.g., by typing `I$}'.

! Missing } inserted.
<inserted text> 
                }
l.42 ...m=0 0 0 -5]{./bilder/gerade_funktion.png}&
                                                  
I've put in what seems to be necessary to fix
the current column of the current alignment.
Try to go on, since this might almost work.

! Extra }, or forgotten $.
<inserted text> }
                 
l.42 ...m=0 0 0 -5]{./bilder/gerade_funktion.png}&
                                                  
I've deleted a group-closing symbol because it seems to be
spurious, as in `$x}$'. But perhaps the } is legitimate and
you forgot something else, as in `\hbox{$x}'. In such cases
the way to recover is to insert both the forgotten and the
deleted material, e.g., by typing `I$}'.

! Missing } inserted.
<inserted text> 
                }
l.42 ...m=0 0 0 -5]{./bilder/gerade_funktion.png}&
                                                  
I've put in what seems to be necessary to fix
the current column of the current alignment.
Try to go on, since this might almost work.

! Extra }, or forgotten $.
<inserted text> }
                 
l.42 ...m=0 0 0 -5]{./bilder/gerade_funktion.png}&
                                                  
I've deleted a group-closing symbol because it seems to be
spurious, as in `$x}$'. But perhaps the } is legitimate and
you forgot something else, as in `\hbox{$x}'. In such cases
the way to recover is to insert both the forgotten and the
deleted material, e.g., by typing `I$}'.

! Missing } inserted.
<inserted text> 
                }
l.42 ...m=0 0 0 -5]{./bilder/gerade_funktion.png}&
                                                  
I've put in what seems to be necessary to fix
the current column of the current alignment.
Try to go on, since this might almost work.

! Extra }, or forgotten $.
<inserted text> }
                 
l.42 ...m=0 0 0 -5]{./bilder/gerade_funktion.png}&
                                                  
I've deleted a group-closing symbol because it seems to be
spurious, as in `$x}$'. But perhaps the } is legitimate and
you forgot something else, as in `\hbox{$x}'. In such cases
the way to recover is to insert both the forgotten and the
deleted material, e.g., by typing `I$}'.

! Missing } inserted.
<inserted text> 
                }
l.42 ...m=0 0 0 -5]{./bilder/gerade_funktion.png}&
                                                  
I've put in what seems to be necessary to fix
the current column of the current alignment.
Try to go on, since this might almost work.

! Extra }, or forgotten $.
<inserted text> }
                 
l.42 ...m=0 0 0 -5]{./bilder/gerade_funktion.png}&
                                                  
I've deleted a group-closing symbol because it seems to be
spurious, as in `$x}$'. But perhaps the } is legitimate and
you forgot something else, as in `\hbox{$x}'. In such cases
the way to recover is to insert both the forgotten and the
deleted material, e.g., by typing `I$}'.

! Missing } inserted.
<inserted text> 
                }
l.42 ...m=0 0 0 -5]{./bilder/gerade_funktion.png}&
                                                  
I've put in what seems to be necessary to fix
the current column of the current alignment.
Try to go on, since this might almost work.

! Extra }, or forgotten $.
<inserted text> }
                 
l.42 ...m=0 0 0 -5]{./bilder/gerade_funktion.png}&
                                                  
I've deleted a group-closing symbol because it seems to be
spurious, as in `$x}$'. But perhaps the } is legitimate and
you forgot something else, as in `\hbox{$x}'. In such cases
the way to recover is to insert both the forgotten and the
deleted material, e.g., by typing `I$}'.

! Missing } inserted.
<inserted text> 
                }
l.42 ...m=0 0 0 -5]{./bilder/gerade_funktion.png}&
                                                  
I've put in what seems to be necessary to fix
the current column of the current alignment.
Try to go on, since this might almost work.

! Extra }, or forgotten $.
<inserted text> }
                 
l.42 ...m=0 0 0 -5]{./bilder/gerade_funktion.png}&
                                                  
I've deleted a group-closing symbol because it seems to be
spurious, as in `$x}$'. But perhaps the } is legitimate and
you forgot something else, as in `\hbox{$x}'. In such cases
the way to recover is to insert both the forgotten and the
deleted material, e.g., by typing `I$}'.

! Missing } inserted.
<inserted text> 
                }
l.42 ...m=0 0 0 -5]{./bilder/gerade_funktion.png}&
                                                  
I've put in what seems to be necessary to fix
the current column of the current alignment.
Try to go on, since this might almost work.

! Extra }, or forgotten $.
<inserted text> }
                 
l.42 ...m=0 0 0 -5]{./bilder/gerade_funktion.png}&
                                                  
I've deleted a group-closing symbol because it seems to be
spurious, as in `$x}$'. But perhaps the } is legitimate and
you forgot something else, as in `\hbox{$x}'. In such cases
the way to recover is to insert both the forgotten and the
deleted material, e.g., by typing `I$}'.

! Missing } inserted.
<inserted text> 
                }
l.42 ...m=0 0 0 -5]{./bilder/gerade_funktion.png}&
                                                  
I've put in what seems to be necessary to fix
the current column of the current alignment.
Try to go on, since this might almost work.

! Extra }, or forgotten $.
<inserted text> }
                 
l.42 ...m=0 0 0 -5]{./bilder/gerade_funktion.png}&
                                                  
I've deleted a group-closing symbol because it seems to be
spurious, as in `$x}$'. But perhaps the } is legitimate and
you forgot something else, as in `\hbox{$x}'. In such cases
the way to recover is to insert both the forgotten and the
deleted material, e.g., by typing `I$}'.

! Missing } inserted.
<inserted text> 
                }
l.42 ...m=0 0 0 -5]{./bilder/gerade_funktion.png}&
                                                  
I've put in what seems to be necessary to fix
the current column of the current alignment.
Try to go on, since this might almost work.

! Extra }, or forgotten $.
<inserted text> }
                 
l.42 ...m=0 0 0 -5]{./bilder/gerade_funktion.png}&
                                                  
I've deleted a group-closing symbol because it seems to be
spurious, as in `$x}$'. But perhaps the } is legitimate and
you forgot something else, as in `\hbox{$x}'. In such cases
the way to recover is to insert both the forgotten and the
deleted material, e.g., by typing `I$}'.

! Missing } inserted.
<inserted text> 
                }
l.42 ...m=0 0 0 -5]{./bilder/gerade_funktion.png}&
                                                  
I've put in what seems to be necessary to fix
the current column of the current alignment.
Try to go on, since this might almost work.

! Extra }, or forgotten $.
<inserted text> }
                 
l.42 ...m=0 0 0 -5]{./bilder/gerade_funktion.png}&
                                                  
I've deleted a group-closing symbol because it seems to be
spurious, as in `$x}$'. But perhaps the } is legitimate and
you forgot something else, as in `\hbox{$x}'. In such cases
the way to recover is to insert both the forgotten and the
deleted material, e.g., by typing `I$}'.

! Missing } inserted.
<inserted text> 
                }
l.42 ...m=0 0 0 -5]{./bilder/gerade_funktion.png}&
                                                  
I've put in what seems to be necessary to fix
the current column of the current alignment.
Try to go on, since this might almost work.

! Extra }, or forgotten $.
<inserted text> }
                 
l.42 ...m=0 0 0 -5]{./bilder/gerade_funktion.png}&
                                                  
I've deleted a group-closing symbol because it seems to be
spurious, as in `$x}$'. But perhaps the } is legitimate and
you forgot something else, as in `\hbox{$x}'. In such cases
the way to recover is to insert both the forgotten and the
deleted material, e.g., by typing `I$}'.

! Missing } inserted.
<inserted text> 
                }
l.42 ...m=0 0 0 -5]{./bilder/gerade_funktion.png}&
                                                  
I've put in what seems to be necessary to fix
the current column of the current alignment.
Try to go on, since this might almost work.

! Extra }, or forgotten $.
<inserted text> }
                 
l.42 ...m=0 0 0 -5]{./bilder/gerade_funktion.png}&
                                                  
I've deleted a group-closing symbol because it seems to be
spurious, as in `$x}$'. But perhaps the } is legitimate and
you forgot something else, as in `\hbox{$x}'. In such cases
the way to recover is to insert both the forgotten and the
deleted material, e.g., by typing `I$}'.

! Missing } inserted.
<inserted text> 
                }
l.42 ...m=0 0 0 -5]{./bilder/gerade_funktion.png}&
                                                  
I've put in what seems to be necessary to fix
the current column of the current alignment.
Try to go on, since this might almost work.

! Extra }, or forgotten $.
<inserted text> }
                 
l.42 ...m=0 0 0 -5]{./bilder/gerade_funktion.png}&
                                                  
I've deleted a group-closing symbol because it seems to be
spurious, as in `$x}$'. But perhaps the } is legitimate and
you forgot something else, as in `\hbox{$x}'. In such cases
the way to recover is to insert both the forgotten and the
deleted material, e.g., by typing `I$}'.

! Missing } inserted.
<inserted text> 
                }
l.42 ...m=0 0 0 -5]{./bilder/gerade_funktion.png}&
                                                  
I've put in what seems to be necessary to fix
the current column of the current alignment.
Try to go on, since this might almost work.

! Extra }, or forgotten $.
<inserted text> }
                 
l.42 ...m=0 0 0 -5]{./bilder/gerade_funktion.png}&
                                                  
I've deleted a group-closing symbol because it seems to be
spurious, as in `$x}$'. But perhaps the } is legitimate and
you forgot something else, as in `\hbox{$x}'. In such cases
the way to recover is to insert both the forgotten and the
deleted material, e.g., by typing `I$}'.

! Missing } inserted.
<inserted text> 
                }
l.42 ...m=0 0 0 -5]{./bilder/gerade_funktion.png}&
                                                  
I've put in what seems to be necessary to fix
the current column of the current alignment.
Try to go on, since this might almost work.

! Extra }, or forgotten $.
<inserted text> }
                 
l.42 ...m=0 0 0 -5]{./bilder/gerade_funktion.png}&
                                                  
I've deleted a group-closing symbol because it seems to be
spurious, as in `$x}$'. But perhaps the } is legitimate and
you forgot something else, as in `\hbox{$x}'. In such cases
the way to recover is to insert both the forgotten and the
deleted material, e.g., by typing `I$}'.

! Missing } inserted.
<inserted text> 
                }
l.42 ...m=0 0 0 -5]{./bilder/gerade_funktion.png}&
                                                  
I've put in what seems to be necessary to fix
the current column of the current alignment.
Try to go on, since this might almost work.

! Extra }, or forgotten $.
<inserted text> }
                 
l.42 ...m=0 0 0 -5]{./bilder/gerade_funktion.png}&
                                                  
I've deleted a group-closing symbol because it seems to be
spurious, as in `$x}$'. But perhaps the } is legitimate and
you forgot something else, as in `\hbox{$x}'. In such cases
the way to recover is to insert both the forgotten and the
deleted material, e.g., by typing `I$}'.

! Missing } inserted.
<inserted text> 
                }
l.42 ...m=0 0 0 -5]{./bilder/gerade_funktion.png}&
                                                  
I've put in what seems to be necessary to fix
the current column of the current alignment.
Try to go on, since this might almost work.

! Extra }, or forgotten $.
<inserted text> }
                 
l.42 ...m=0 0 0 -5]{./bilder/gerade_funktion.png}&
                                                  
I've deleted a group-closing symbol because it seems to be
spurious, as in `$x}$'. But perhaps the } is legitimate and
you forgot something else, as in `\hbox{$x}'. In such cases
the way to recover is to insert both the forgotten and the
deleted material, e.g., by typing `I$}'.

! Missing } inserted.
<inserted text> 
                }
l.42 ...m=0 0 0 -5]{./bilder/gerade_funktion.png}&
                                                  
I've put in what seems to be necessary to fix
the current column of the current alignment.
Try to go on, since this might almost work.

! Extra }, or forgotten $.
<inserted text> }
                 
l.42 ...m=0 0 0 -5]{./bilder/gerade_funktion.png}&
                                                  
I've deleted a group-closing symbol because it seems to be
spurious, as in `$x}$'. But perhaps the } is legitimate and
you forgot something else, as in `\hbox{$x}'. In such cases
the way to recover is to insert both the forgotten and the
deleted material, e.g., by typing `I$}'.

! Missing } inserted.
<inserted text> 
                }
l.42 ...m=0 0 0 -5]{./bilder/gerade_funktion.png}&
                                                  
I've put in what seems to be necessary to fix
the current column of the current alignment.
Try to go on, since this might almost work.

! Extra }, or forgotten $.
<inserted text> }
                 
l.42 ...m=0 0 0 -5]{./bilder/gerade_funktion.png}&
                                                  
I've deleted a group-closing symbol because it seems to be
spurious, as in `$x}$'. But perhaps the } is legitimate and
you forgot something else, as in `\hbox{$x}'. In such cases
the way to recover is to insert both the forgotten and the
deleted material, e.g., by typing `I$}'.

! Missing } inserted.
<inserted text> 
                }
l.42 ...m=0 0 0 -5]{./bilder/gerade_funktion.png}&
                                                  
I've put in what seems to be necessary to fix
the current column of the current alignment.
Try to go on, since this might almost work.

! Extra }, or forgotten $.
<inserted text> }
                 
l.42 ...m=0 0 0 -5]{./bilder/gerade_funktion.png}&
                                                  
I've deleted a group-closing symbol because it seems to be
spurious, as in `$x}$'. But perhaps the } is legitimate and
you forgot something else, as in `\hbox{$x}'. In such cases
the way to recover is to insert both the forgotten and the
deleted material, e.g., by typing `I$}'.

! Missing } inserted.
<inserted text> 
                }
l.42 ...m=0 0 0 -5]{./bilder/gerade_funktion.png}&
                                                  
I've put in what seems to be necessary to fix
the current column of the current alignment.
Try to go on, since this might almost work.

! Extra }, or forgotten $.
<inserted text> }
                 
l.42 ...m=0 0 0 -5]{./bilder/gerade_funktion.png}&
                                                  
I've deleted a group-closing symbol because it seems to be
spurious, as in `$x}$'. But perhaps the } is legitimate and
you forgot something else, as in `\hbox{$x}'. In such cases
the way to recover is to insert both the forgotten and the
deleted material, e.g., by typing `I$}'.

! Missing } inserted.
<inserted text> 
                }
l.42 ...m=0 0 0 -5]{./bilder/gerade_funktion.png}&
                                                  
I've put in what seems to be necessary to fix
the current column of the current alignment.
Try to go on, since this might almost work.

! Extra }, or forgotten $.
<inserted text> }
                 
l.42 ...m=0 0 0 -5]{./bilder/gerade_funktion.png}&
                                                  
I've deleted a group-closing symbol because it seems to be
spurious, as in `$x}$'. But perhaps the } is legitimate and
you forgot something else, as in `\hbox{$x}'. In such cases
the way to recover is to insert both the forgotten and the
deleted material, e.g., by typing `I$}'.

! Missing } inserted.
<inserted text> 
                }
l.42 ...m=0 0 0 -5]{./bilder/gerade_funktion.png}&
                                                  
I've put in what seems to be necessary to fix
the current column of the current alignment.
Try to go on, since this might almost work.

! Extra }, or forgotten $.
<inserted text> }
                 
l.42 ...m=0 0 0 -5]{./bilder/gerade_funktion.png}&
                                                  
I've deleted a group-closing symbol because it seems to be
spurious, as in `$x}$'. But perhaps the } is legitimate and
you forgot something else, as in `\hbox{$x}'. In such cases
the way to recover is to insert both the forgotten and the
deleted material, e.g., by typing `I$}'.

! Missing } inserted.
<inserted text> 
                }
l.42 ...m=0 0 0 -5]{./bilder/gerade_funktion.png}&
                                                  
I've put in what seems to be necessary to fix
the current column of the current alignment.
Try to go on, since this might almost work.

! Extra }, or forgotten $.
<inserted text> }
                 
l.42 ...m=0 0 0 -5]{./bilder/gerade_funktion.png}&
                                                  
I've deleted a group-closing symbol because it seems to be
spurious, as in `$x}$'. But perhaps the } is legitimate and
you forgot something else, as in `\hbox{$x}'. In such cases
the way to recover is to insert both the forgotten and the
deleted material, e.g., by typing `I$}'.

! Missing } inserted.
<inserted text> 
                }
l.42 ...m=0 0 0 -5]{./bilder/gerade_funktion.png}&
                                                  
I've put in what seems to be necessary to fix
the current column of the current alignment.
Try to go on, since this might almost work.

! Extra }, or forgotten $.
<inserted text> }
                 
l.42 ...m=0 0 0 -5]{./bilder/gerade_funktion.png}&
                                                  
I've deleted a group-closing symbol because it seems to be
spurious, as in `$x}$'. But perhaps the } is legitimate and
you forgot something else, as in `\hbox{$x}'. In such cases
the way to recover is to insert both the forgotten and the
deleted material, e.g., by typing `I$}'.

! Missing } inserted.
<inserted text> 
                }
l.42 ...m=0 0 0 -5]{./bilder/gerade_funktion.png}&
                                                  
I've put in what seems to be necessary to fix
the current column of the current alignment.
Try to go on, since this might almost work.

! Extra }, or forgotten $.
<inserted text> }
                 
l.42 ...m=0 0 0 -5]{./bilder/gerade_funktion.png}&
                                                  
I've deleted a group-closing symbol because it seems to be
spurious, as in `$x}$'. But perhaps the } is legitimate and
you forgot something else, as in `\hbox{$x}'. In such cases
the way to recover is to insert both the forgotten and the
deleted material, e.g., by typing `I$}'.

! Missing } inserted.
<inserted text> 
                }
l.42 ...m=0 0 0 -5]{./bilder/gerade_funktion.png}&
                                                  
I've put in what seems to be necessary to fix
the current column of the current alignment.
Try to go on, since this might almost work.

! Extra }, or forgotten $.
<inserted text> }
                 
l.42 ...m=0 0 0 -5]{./bilder/gerade_funktion.png}&
                                                  
I've deleted a group-closing symbol because it seems to be
spurious, as in `$x}$'. But perhaps the } is legitimate and
you forgot something else, as in `\hbox{$x}'. In such cases
the way to recover is to insert both the forgotten and the
deleted material, e.g., by typing `I$}'.

! Missing } inserted.
<inserted text> 
                }
l.42 ...m=0 0 0 -5]{./bilder/gerade_funktion.png}&
                                                  
I've put in what seems to be necessary to fix
the current column of the current alignment.
Try to go on, since this might almost work.

! Extra }, or forgotten $.
<inserted text> }
                 
l.42 ...m=0 0 0 -5]{./bilder/gerade_funktion.png}&
                                                  
I've deleted a group-closing symbol because it seems to be
spurious, as in `$x}$'. But perhaps the } is legitimate and
you forgot something else, as in `\hbox{$x}'. In such cases
the way to recover is to insert both the forgotten and the
deleted material, e.g., by typing `I$}'.

! Missing } inserted.
<inserted text> 
                }
l.42 ...m=0 0 0 -5]{./bilder/gerade_funktion.png}&
                                                  
I've put in what seems to be necessary to fix
the current column of the current alignment.
Try to go on, since this might almost work.

! Extra }, or forgotten $.
<inserted text> }
                 
l.42 ...m=0 0 0 -5]{./bilder/gerade_funktion.png}&
                                                  
I've deleted a group-closing symbol because it seems to be
spurious, as in `$x}$'. But perhaps the } is legitimate and
you forgot something else, as in `\hbox{$x}'. In such cases
the way to recover is to insert both the forgotten and the
deleted material, e.g., by typing `I$}'.

! Missing } inserted.
<inserted text> 
                }
l.42 ...m=0 0 0 -5]{./bilder/gerade_funktion.png}&
                                                  
I've put in what seems to be necessary to fix
the current column of the current alignment.
Try to go on, since this might almost work.

! Extra }, or forgotten $.
<inserted text> }
                 
l.42 ...m=0 0 0 -5]{./bilder/gerade_funktion.png}&
                                                  
I've deleted a group-closing symbol because it seems to be
spurious, as in `$x}$'. But perhaps the } is legitimate and
you forgot something else, as in `\hbox{$x}'. In such cases
the way to recover is to insert both the forgotten and the
deleted material, e.g., by typing `I$}'.

! Missing } inserted.
<inserted text> 
                }
l.42 ...m=0 0 0 -5]{./bilder/gerade_funktion.png}&
                                                  
I've put in what seems to be necessary to fix
the current column of the current alignment.
Try to go on, since this might almost work.

! Extra }, or forgotten $.
<inserted text> }
                 
l.42 ...m=0 0 0 -5]{./bilder/gerade_funktion.png}&
                                                  
I've deleted a group-closing symbol because it seems to be
spurious, as in `$x}$'. But perhaps the } is legitimate and
you forgot something else, as in `\hbox{$x}'. In such cases
the way to recover is to insert both the forgotten and the
deleted material, e.g., by typing `I$}'.

! Missing } inserted.
<inserted text> 
                }
l.42 ...m=0 0 0 -5]{./bilder/gerade_funktion.png}&
                                                  
I've put in what seems to be necessary to fix
the current column of the current alignment.
Try to go on, since this might almost work.

! Extra }, or forgotten $.
<inserted text> }
                 
l.42 ...m=0 0 0 -5]{./bilder/gerade_funktion.png}&
                                                  
I've deleted a group-closing symbol because it seems to be
spurious, as in `$x}$'. But perhaps the } is legitimate and
you forgot something else, as in `\hbox{$x}'. In such cases
the way to recover is to insert both the forgotten and the
deleted material, e.g., by typing `I$}'.

! Missing } inserted.
<inserted text> 
                }
l.42 ...m=0 0 0 -5]{./bilder/gerade_funktion.png}&
                                                  
I've put in what seems to be necessary to fix
the current column of the current alignment.
Try to go on, since this might almost work.

! Extra }, or forgotten $.
<inserted text> }
                 
l.42 ...m=0 0 0 -5]{./bilder/gerade_funktion.png}&
                                                  
I've deleted a group-closing symbol because it seems to be
spurious, as in `$x}$'. But perhaps the } is legitimate and
you forgot something else, as in `\hbox{$x}'. In such cases
the way to recover is to insert both the forgotten and the
deleted material, e.g., by typing `I$}'.

! Missing } inserted.
<inserted text> 
                }
l.42 ...m=0 0 0 -5]{./bilder/gerade_funktion.png}&
                                                  
I've put in what seems to be necessary to fix
the current column of the current alignment.
Try to go on, since this might almost work.

! Extra }, or forgotten $.
<inserted text> }
                 
l.42 ...m=0 0 0 -5]{./bilder/gerade_funktion.png}&
                                                  
I've deleted a group-closing symbol because it seems to be
spurious, as in `$x}$'. But perhaps the } is legitimate and
you forgot something else, as in `\hbox{$x}'. In such cases
the way to recover is to insert both the forgotten and the
deleted material, e.g., by typing `I$}'.

! Missing } inserted.
<inserted text> 
                }
l.42 ...m=0 0 0 -5]{./bilder/gerade_funktion.png}&
                                                  
I've put in what seems to be necessary to fix
the current column of the current alignment.
Try to go on, since this might almost work.

! Extra }, or forgotten $.
<inserted text> }
                 
l.42 ...m=0 0 0 -5]{./bilder/gerade_funktion.png}&
                                                  
I've deleted a group-closing symbol because it seems to be
spurious, as in `$x}$'. But perhaps the } is legitimate and
you forgot something else, as in `\hbox{$x}'. In such cases
the way to recover is to insert both the forgotten and the
deleted material, e.g., by typing `I$}'.

! Missing } inserted.
<inserted text> 
                }
l.42 ...m=0 0 0 -5]{./bilder/gerade_funktion.png}&
                                                  
I've put in what seems to be necessary to fix
the current column of the current alignment.
Try to go on, since this might almost work.

! Extra }, or forgotten $.
<inserted text> }
                 
l.42 ...m=0 0 0 -5]{./bilder/gerade_funktion.png}&
                                                  
I've deleted a group-closing symbol because it seems to be
spurious, as in `$x}$'. But perhaps the } is legitimate and
you forgot something else, as in `\hbox{$x}'. In such cases
the way to recover is to insert both the forgotten and the
deleted material, e.g., by typing `I$}'.

! Missing } inserted.
<inserted text> 
                }
l.42 ...m=0 0 0 -5]{./bilder/gerade_funktion.png}&
                                                  
(That makes 100 errors; please try again.) 
Here is how much of TeX's memory you used:
 15 strings out of 492639
 251 string characters out of 6133088
 66147 words of memory out of 5000000
 4002 multiletter control sequences out of 15000+600000
 4294 words of font info for 16 fonts, out of 8000000 for 9000
 1141 hyphenation exceptions out of 8191
 17i,11n,12p,114b,162s stack positions out of 5000i,500n,10000p,200000b,80000s

!  ==> Fatal error occurred, no output PDF file produced!
